<?xml version="1.0" encoding="UTF-8"?>
<!-- Generated by org.testng.reporters.JUnitReportReporter -->
<testsuite hostname="RIPL-DST-031" failures="0" tests="4" name="day_1.HTTPRequest" time="2.994" errors="0" timestamp="2024-05-27T19:06:04 IST" skipped="0">
  <testcase classname="day_1.HTTPRequest" name="CreateUser" time="2.074"/>
  <system-out/>
  <testcase classname="day_1.HTTPRequest" name="getUser" time="0.184"/>
  <system-out/>
  <testcase classname="day_1.HTTPRequest" name="updateUser" time="0.374"/>
  <system-out/>
  <testcase classname="day_1.HTTPRequest" name="DeleteUser" time="0.362"/>
  <system-out/>
</testsuite> <!-- day_1.HTTPRequest -->
